androidApp/build/intermediates/manifest_merge_blame_file/debug/manifest-merger-blame-debug-report.txt
1<?xml version="1.0" encoding="utf-8"?>
2<manifest xmlns:android="http://schemas.android.com/apk/res/android"
3    package="ua.app.ddukraine.mpp.client"
4    android:versionCode="1"
5    android:versionName="1.0" >
6
7    <uses-sdk
8        android:minSdkVersion="14"
8-->src/main/AndroidManifest.xml
9        android:targetSdkVersion="31" />
9-->src/main/AndroidManifest.xml
10
11    <uses-permission android:name="android.permission.INTERNET" />
11-->src/main/AndroidManifest.xml:6:5-67
11-->src/main/AndroidManifest.xml:6:22-64
12
13    <application
13-->src/main/AndroidManifest.xml:8:5-28:19
14        android:name="androidx.multidex.MultiDexApplication"
15        android:allowBackup="true"
15-->src/main/AndroidManifest.xml:10:13-39
16        android:appComponentFactory="androidx.core.app.CoreComponentFactory"
16-->[androidx.core:core:1.7.0] AndroidManifest.xml:24:18-86
17        android:debuggable="true"
18        android:label="@string/app_name"
18-->src/main/AndroidManifest.xml:9:13-45
19        android:networkSecurityConfig="@xml/network_security_config"
19-->src/main/AndroidManifest.xml:13:13-73
20        android:supportsRtl="true"
20-->src/main/AndroidManifest.xml:11:13-39
21        android:testOnly="true"
22        android:theme="@style/AppTheme"
22-->src/main/AndroidManifest.xml:14:13-44
23        android:usesCleartextTraffic="true" >
23-->src/main/AndroidManifest.xml:12:13-48
24        <activity
24-->src/main/AndroidManifest.xml:16:9-27:20
25            android:name="ua.app.ddukraine.mpp.client.MainActivity"
25-->src/main/AndroidManifest.xml:17:13-41
26            android:exported="true"
26-->src/main/AndroidManifest.xml:20:13-36
27            android:screenOrientation="sensorPortrait"
27-->src/main/AndroidManifest.xml:18:13-55
28            android:windowSoftInputMode="adjustPan" >
28-->src/main/AndroidManifest.xml:19:13-52
29            <intent-filter>
29-->src/main/AndroidManifest.xml:22:13-26:29
30                <action android:name="android.intent.action.MAIN" />
30-->src/main/AndroidManifest.xml:23:17-69
30-->src/main/AndroidManifest.xml:23:25-66
31
32                <category android:name="android.intent.category.LAUNCHER" />
32-->src/main/AndroidManifest.xml:25:17-77
32-->src/main/AndroidManifest.xml:25:27-74
33            </intent-filter>
34        </activity>
35    </application>
36
37</manifest>